build/app/outputs/mapping/release/mapping.txt
# compiler: R8
# compiler_version: 1.5.64
# min_api: 16
# pg_map_id: e42c80b
...
androidx.fragment.app.FragmentManagerImpl$6 -> androidx.fragment.app.j$f:
    androidx.fragment.app.FragmentManagerImpl this$0 -> b
    androidx.fragment.app.Fragment instantiate(java.lang.ClassLoader,java.lang.String) -> a
androidx.fragment.app.FragmentManagerImpl$AnimationOrAnimator -> androidx.fragment.app.j$g:
    android.view.animation.Animation animation -> a
    android.animation.Animator animator -> b
androidx.fragment.app.FragmentManagerImpl$EndViewTransitionAnimation -> androidx.fragment.app.j$h:
    android.view.ViewGroup mParent -> a
    boolean mAnimating -> e
    android.view.View mChild -> b
    boolean mEnded -> c
    boolean mTransitionEnded -> d
androidx.fragment.app.FragmentManagerImpl$FragmentLifecycleCallbacksHolder -> androidx.fragment.app.j$i:
    boolean mRecursive -> b
    androidx.fragment.app.FragmentManager$FragmentLifecycleCallbacks mCallback -> a
androidx.fragment.app.FragmentManagerImpl$FragmentTag -> androidx.fragment.app.j$j:
    int[] Fragment -> a
androidx.fragment.app.FragmentManagerImpl$OpGenerator -> androidx.fragment.app.j$k:
    boolean generateOps(java.util.ArrayList,java.util.ArrayList) -> a
androidx.fragment.app.FragmentManagerImpl$PopBackStackState -> androidx.fragment.app.j$l:
    androidx.fragment.app.FragmentManagerImpl this$0 -> d
    java.lang.String mName -> a
    int mId -> b
    int mFlags -> c
    boolean generateOps(java.util.ArrayList,java.util.ArrayList) -> a
androidx.fragment.app.FragmentManagerImpl$StartEnterTransitionListener -> androidx.fragment.app.j$m:
    boolean mIsBack -> a
    int mNumPostponed -> c
    androidx.fragment.app.BackStackRecord mRecord -> b
    void onStartEnterTransition() -> a
    void startListening() -> b
    void cancelTransaction() -> c
    void completeTransaction() -> d
    boolean isReady() -> e
androidx.fragment.app.FragmentManagerState -> androidx.fragment.app.k:
    int mNextFragmentIndex -> e
    androidx.fragment.app.BackStackState[] mBackStack -> c
    java.util.ArrayList mAdded -> b
    java.util.ArrayList mActive -> a
    java.lang.String mPrimaryNavActiveWho -> d
androidx.fragment.app.FragmentManagerState$1 -> androidx.fragment.app.k$a:
androidx.fragment.app.FragmentManagerViewModel -> androidx.fragment.app.l:
    androidx.lifecycle.ViewModelProvider$Factory FACTORY -> h
    java.util.HashSet mRetainedFragments -> b
    boolean mStateAutomaticallySaved -> e
    boolean mHasBeenCleared -> f
    boolean mHasSavedSnapshot -> g
    java.util.HashMap mViewModelStores -> d
    java.util.HashMap mChildNonConfigs -> c
    boolean addRetainedFragment(androidx.fragment.app.Fragment) -> a
    androidx.fragment.app.FragmentManagerViewModel getInstance(androidx.lifecycle.ViewModelStore) -> a
    void clearNonConfigState(androidx.fragment.app.Fragment) -> b
    void onCleared() -> b
    androidx.fragment.app.FragmentManagerViewModel getChildNonConfig(androidx.fragment.app.Fragment) -> c
    java.util.Collection getRetainedFragments() -> c
    androidx.lifecycle.ViewModelStore getViewModelStore(androidx.fragment.app.Fragment) -> d
    boolean isCleared() -> d
    boolean removeRetainedFragment(androidx.fragment.app.Fragment) -> e
    boolean shouldDestroy(androidx.fragment.app.Fragment) -> f
androidx.fragment.app.FragmentManagerViewModel$1 -> androidx.fragment.app.l$a:
    androidx.lifecycle.ViewModel create(java.lang.Class) -> a